<?xml version="1.0" encoding="UTF-8"?>
<testsuite xmlns:xsi="http://www.w3.org/2001/XMLSchema-instance" xsi:noNamespaceSchemaLocation="https://maven.apache.org/surefire/maven-surefire-plugin/xsd/surefire-test-report.xsd" name="TestSuite" time="12.24" tests="1" errors="0" skipped="0" failures="1">
  <properties>
    <property name="sun.desktop" value="windows"/>
    <property name="awt.toolkit" value="sun.awt.windows.WToolkit"/>
    <property name="file.encoding.pkg" value="sun.io"/>
    <property name="java.specification.version" value="1.8"/>
    <property name="sun.cpu.isalist" value="amd64"/>
    <property name="sun.jnu.encoding" value="Cp1252"/>
    <property name="java.class.path" value="D:\Cucumber-TestNG\target\test-classes;D:\Cucumber-TestNG\target\classes;C:\Users\HP\.m2\repository\org\testng\testng\6.14.3\testng-6.14.3.jar;C:\Users\HP\.m2\repository\com\beust\jcommander\1.72\jcommander-1.72.jar;C:\Users\HP\.m2\repository\org\apache-extras\beanshell\bsh\2.0b6\bsh-2.0b6.jar;C:\Users\HP\.m2\repository\org\seleniumhq\selenium\selenium-java\3.11.0\selenium-java-3.11.0.jar;C:\Users\HP\.m2\repository\org\seleniumhq\selenium\selenium-api\3.11.0\selenium-api-3.11.0.jar;C:\Users\HP\.m2\repository\org\seleniumhq\selenium\selenium-chrome-driver\3.11.0\selenium-chrome-driver-3.11.0.jar;C:\Users\HP\.m2\repository\org\seleniumhq\selenium\selenium-edge-driver\3.11.0\selenium-edge-driver-3.11.0.jar;C:\Users\HP\.m2\repository\org\seleniumhq\selenium\selenium-firefox-driver\3.11.0\selenium-firefox-driver-3.11.0.jar;C:\Users\HP\.m2\repository\org\seleniumhq\selenium\selenium-ie-driver\3.11.0\selenium-ie-driver-3.11.0.jar;C:\Users\HP\.m2\repository\org\seleniumhq\selenium\selenium-opera-driver\3.11.0\selenium-opera-driver-3.11.0.jar;C:\Users\HP\.m2\repository\org\seleniumhq\selenium\selenium-remote-driver\3.11.0\selenium-remote-driver-3.11.0.jar;C:\Users\HP\.m2\repository\org\seleniumhq\selenium\selenium-safari-driver\3.11.0\selenium-safari-driver-3.11.0.jar;C:\Users\HP\.m2\repository\org\seleniumhq\selenium\selenium-support\3.11.0\selenium-support-3.11.0.jar;C:\Users\HP\.m2\repository\net\bytebuddy\byte-buddy\1.7.9\byte-buddy-1.7.9.jar;C:\Users\HP\.m2\repository\org\apache\commons\commons-exec\1.3\commons-exec-1.3.jar;C:\Users\HP\.m2\repository\commons-codec\commons-codec\1.10\commons-codec-1.10.jar;C:\Users\HP\.m2\repository\commons-logging\commons-logging\1.2\commons-logging-1.2.jar;C:\Users\HP\.m2\repository\com\google\code\gson\gson\2.8.2\gson-2.8.2.jar;C:\Users\HP\.m2\repository\com\google\guava\guava\23.6-jre\guava-23.6-jre.jar;C:\Users\HP\.m2\repository\com\google\code\findbugs\jsr305\1.3.9\jsr305-1.3.9.jar;C:\Users\HP\.m2\repository\org\checkerframework\checker-compat-qual\2.0.0\checker-compat-qual-2.0.0.jar;C:\Users\HP\.m2\repository\com\google\errorprone\error_prone_annotations\2.1.3\error_prone_annotations-2.1.3.jar;C:\Users\HP\.m2\repository\com\google\j2objc\j2objc-annotations\1.1\j2objc-annotations-1.1.jar;C:\Users\HP\.m2\repository\org\codehaus\mojo\animal-sniffer-annotations\1.14\animal-sniffer-annotations-1.14.jar;C:\Users\HP\.m2\repository\org\apache\httpcomponents\httpclient\4.5.3\httpclient-4.5.3.jar;C:\Users\HP\.m2\repository\org\apache\httpcomponents\httpcore\4.4.6\httpcore-4.4.6.jar;C:\Users\HP\.m2\repository\com\squareup\okhttp3\okhttp\3.9.1\okhttp-3.9.1.jar;C:\Users\HP\.m2\repository\com\squareup\okio\okio\1.13.0\okio-1.13.0.jar;C:\Users\HP\.m2\repository\info\cukes\cucumber-java\1.2.5\cucumber-java-1.2.5.jar;C:\Users\HP\.m2\repository\info\cukes\cucumber-core\1.2.5\cucumber-core-1.2.5.jar;C:\Users\HP\.m2\repository\info\cukes\cucumber-html\0.2.3\cucumber-html-0.2.3.jar;C:\Users\HP\.m2\repository\info\cukes\gherkin\2.12.2\gherkin-2.12.2.jar;C:\Users\HP\.m2\repository\info\cukes\cucumber-jvm-deps\1.0.5\cucumber-jvm-deps-1.0.5.jar;C:\Users\HP\.m2\repository\info\cukes\cucumber-testng\1.2.5\cucumber-testng-1.2.5.jar;C:\Users\HP\.m2\repository\net\masterthought\cucumber-reporting\3.8.0\cucumber-reporting-3.8.0.jar;C:\Users\HP\.m2\repository\org\apache\logging\log4j\log4j-api\2.6\log4j-api-2.6.jar;C:\Users\HP\.m2\repository\org\apache\logging\log4j\log4j-core\2.6\log4j-core-2.6.jar;C:\Users\HP\.m2\repository\com\fasterxml\jackson\core\jackson-databind\2.8.5\jackson-databind-2.8.5.jar;C:\Users\HP\.m2\repository\com\fasterxml\jackson\core\jackson-annotations\2.8.0\jackson-annotations-2.8.0.jar;C:\Users\HP\.m2\repository\com\fasterxml\jackson\core\jackson-core\2.8.5\jackson-core-2.8.5.jar;C:\Users\HP\.m2\repository\org\apache\velocity\velocity\1.7\velocity-1.7.jar;C:\Users\HP\.m2\repository\commons-collections\commons-collections\3.2.1\commons-collections-3.2.1.jar;C:\Users\HP\.m2\repository\commons-lang\commons-lang\2.4\commons-lang-2.4.jar;C:\Users\HP\.m2\repository\velocity-tools\velocity-tools\1.4\velocity-tools-1.4.jar;C:\Users\HP\.m2\repository\joda-time\joda-time\2.9.6\joda-time-2.9.6.jar;C:\Users\HP\.m2\repository\org\apache\commons\commons-lang3\3.5\commons-lang3-3.5.jar;C:\Users\HP\.m2\repository\commons-io\commons-io\2.5\commons-io-2.5.jar;C:\Users\HP\.m2\repository\net\lingala\zip4j\zip4j\1.3.2\zip4j-1.3.2.jar;C:\Users\HP\.m2\repository\org\codehaus\plexus\plexus-utils\3.0.24\plexus-utils-3.0.24.jar;C:\Users\HP\.m2\repository\org\jsoup\jsoup\1.10.1\jsoup-1.10.1.jar;C:\Users\HP\.m2\repository\com\googlecode\owasp-java-html-sanitizer\owasp-java-html-sanitizer\20160924.1\owasp-java-html-sanitizer-20160924.1.jar;C:\Users\HP\.m2\repository\org\apache\maven\surefire\surefire-testng-utils\2.21.0\surefire-testng-utils-2.21.0.jar;C:\Users\HP\.m2\repository\org\apache\maven\surefire\surefire-grouper\2.21.0\surefire-grouper-2.21.0.jar;"/>
    <property name="java.vm.vendor" value="Oracle Corporation"/>
    <property name="sun.arch.data.model" value="64"/>
    <property name="user.variant" value=""/>
    <property name="java.vendor.url" value="http://java.oracle.com/"/>
    <property name="user.timezone" value=""/>
    <property name="java.vm.specification.version" value="1.8"/>
    <property name="os.name" value="Windows 10"/>
    <property name="user.country" value="IN"/>
    <property name="sun.java.launcher" value="SUN_STANDARD"/>
    <property name="sun.boot.library.path" value="C:\Program Files\Java\jdk1.8.0_241\jre\bin"/>
    <property name="sun.java.command" value="C:\Users\HP\AppData\Local\Temp\surefire7142711127516905038\surefirebooter3344850280984665355.jar C:\Users\HP\AppData\Local\Temp\surefire7142711127516905038 2021-08-17T17-47-49_509-jvmRun1 surefire3514964393768473392tmp surefire_07294087219526436575tmp"/>
    <property name="surefire.test.class.path" value="D:\Cucumber-TestNG\target\test-classes;D:\Cucumber-TestNG\target\classes;C:\Users\HP\.m2\repository\org\testng\testng\6.14.3\testng-6.14.3.jar;C:\Users\HP\.m2\repository\com\beust\jcommander\1.72\jcommander-1.72.jar;C:\Users\HP\.m2\repository\org\apache-extras\beanshell\bsh\2.0b6\bsh-2.0b6.jar;C:\Users\HP\.m2\repository\org\seleniumhq\selenium\selenium-java\3.11.0\selenium-java-3.11.0.jar;C:\Users\HP\.m2\repository\org\seleniumhq\selenium\selenium-api\3.11.0\selenium-api-3.11.0.jar;C:\Users\HP\.m2\repository\org\seleniumhq\selenium\selenium-chrome-driver\3.11.0\selenium-chrome-driver-3.11.0.jar;C:\Users\HP\.m2\repository\org\seleniumhq\selenium\selenium-edge-driver\3.11.0\selenium-edge-driver-3.11.0.jar;C:\Users\HP\.m2\repository\org\seleniumhq\selenium\selenium-firefox-driver\3.11.0\selenium-firefox-driver-3.11.0.jar;C:\Users\HP\.m2\repository\org\seleniumhq\selenium\selenium-ie-driver\3.11.0\selenium-ie-driver-3.11.0.jar;C:\Users\HP\.m2\repository\org\seleniumhq\selenium\selenium-opera-driver\3.11.0\selenium-opera-driver-3.11.0.jar;C:\Users\HP\.m2\repository\org\seleniumhq\selenium\selenium-remote-driver\3.11.0\selenium-remote-driver-3.11.0.jar;C:\Users\HP\.m2\repository\org\seleniumhq\selenium\selenium-safari-driver\3.11.0\selenium-safari-driver-3.11.0.jar;C:\Users\HP\.m2\repository\org\seleniumhq\selenium\selenium-support\3.11.0\selenium-support-3.11.0.jar;C:\Users\HP\.m2\repository\net\bytebuddy\byte-buddy\1.7.9\byte-buddy-1.7.9.jar;C:\Users\HP\.m2\repository\org\apache\commons\commons-exec\1.3\commons-exec-1.3.jar;C:\Users\HP\.m2\repository\commons-codec\commons-codec\1.10\commons-codec-1.10.jar;C:\Users\HP\.m2\repository\commons-logging\commons-logging\1.2\commons-logging-1.2.jar;C:\Users\HP\.m2\repository\com\google\code\gson\gson\2.8.2\gson-2.8.2.jar;C:\Users\HP\.m2\repository\com\google\guava\guava\23.6-jre\guava-23.6-jre.jar;C:\Users\HP\.m2\repository\com\google\code\findbugs\jsr305\1.3.9\jsr305-1.3.9.jar;C:\Users\HP\.m2\repository\org\checkerframework\checker-compat-qual\2.0.0\checker-compat-qual-2.0.0.jar;C:\Users\HP\.m2\repository\com\google\errorprone\error_prone_annotations\2.1.3\error_prone_annotations-2.1.3.jar;C:\Users\HP\.m2\repository\com\google\j2objc\j2objc-annotations\1.1\j2objc-annotations-1.1.jar;C:\Users\HP\.m2\repository\org\codehaus\mojo\animal-sniffer-annotations\1.14\animal-sniffer-annotations-1.14.jar;C:\Users\HP\.m2\repository\org\apache\httpcomponents\httpclient\4.5.3\httpclient-4.5.3.jar;C:\Users\HP\.m2\repository\org\apache\httpcomponents\httpcore\4.4.6\httpcore-4.4.6.jar;C:\Users\HP\.m2\repository\com\squareup\okhttp3\okhttp\3.9.1\okhttp-3.9.1.jar;C:\Users\HP\.m2\repository\com\squareup\okio\okio\1.13.0\okio-1.13.0.jar;C:\Users\HP\.m2\repository\info\cukes\cucumber-java\1.2.5\cucumber-java-1.2.5.jar;C:\Users\HP\.m2\repository\info\cukes\cucumber-core\1.2.5\cucumber-core-1.2.5.jar;C:\Users\HP\.m2\repository\info\cukes\cucumber-html\0.2.3\cucumber-html-0.2.3.jar;C:\Users\HP\.m2\repository\info\cukes\gherkin\2.12.2\gherkin-2.12.2.jar;C:\Users\HP\.m2\repository\info\cukes\cucumber-jvm-deps\1.0.5\cucumber-jvm-deps-1.0.5.jar;C:\Users\HP\.m2\repository\info\cukes\cucumber-testng\1.2.5\cucumber-testng-1.2.5.jar;C:\Users\HP\.m2\repository\net\masterthought\cucumber-reporting\3.8.0\cucumber-reporting-3.8.0.jar;C:\Users\HP\.m2\repository\org\apache\logging\log4j\log4j-api\2.6\log4j-api-2.6.jar;C:\Users\HP\.m2\repository\org\apache\logging\log4j\log4j-core\2.6\log4j-core-2.6.jar;C:\Users\HP\.m2\repository\com\fasterxml\jackson\core\jackson-databind\2.8.5\jackson-databind-2.8.5.jar;C:\Users\HP\.m2\repository\com\fasterxml\jackson\core\jackson-annotations\2.8.0\jackson-annotations-2.8.0.jar;C:\Users\HP\.m2\repository\com\fasterxml\jackson\core\jackson-core\2.8.5\jackson-core-2.8.5.jar;C:\Users\HP\.m2\repository\org\apache\velocity\velocity\1.7\velocity-1.7.jar;C:\Users\HP\.m2\repository\commons-collections\commons-collections\3.2.1\commons-collections-3.2.1.jar;C:\Users\HP\.m2\repository\commons-lang\commons-lang\2.4\commons-lang-2.4.jar;C:\Users\HP\.m2\repository\velocity-tools\velocity-tools\1.4\velocity-tools-1.4.jar;C:\Users\HP\.m2\repository\joda-time\joda-time\2.9.6\joda-time-2.9.6.jar;C:\Users\HP\.m2\repository\org\apache\commons\commons-lang3\3.5\commons-lang3-3.5.jar;C:\Users\HP\.m2\repository\commons-io\commons-io\2.5\commons-io-2.5.jar;C:\Users\HP\.m2\repository\net\lingala\zip4j\zip4j\1.3.2\zip4j-1.3.2.jar;C:\Users\HP\.m2\repository\org\codehaus\plexus\plexus-utils\3.0.24\plexus-utils-3.0.24.jar;C:\Users\HP\.m2\repository\org\jsoup\jsoup\1.10.1\jsoup-1.10.1.jar;C:\Users\HP\.m2\repository\com\googlecode\owasp-java-html-sanitizer\owasp-java-html-sanitizer\20160924.1\owasp-java-html-sanitizer-20160924.1.jar;C:\Users\HP\.m2\repository\org\apache\maven\surefire\surefire-testng-utils\2.21.0\surefire-testng-utils-2.21.0.jar;C:\Users\HP\.m2\repository\org\apache\maven\surefire\surefire-grouper\2.21.0\surefire-grouper-2.21.0.jar;"/>
    <property name="sun.cpu.endian" value="little"/>
    <property name="user.home" value="C:\Users\HP"/>
    <property name="user.language" value="en"/>
    <property name="java.specification.vendor" value="Oracle Corporation"/>
    <property name="java.home" value="C:\Program Files\Java\jdk1.8.0_241\jre"/>
    <property name="basedir" value="D:\Cucumber-TestNG"/>
    <property name="file.separator" value="\"/>
    <property name="line.separator" value="&#10;"/>
    <property name="java.vm.specification.vendor" value="Oracle Corporation"/>
    <property name="java.specification.name" value="Java Platform API Specification"/>
    <property name="java.awt.graphicsenv" value="sun.awt.Win32GraphicsEnvironment"/>
    <property name="surefire.real.class.path" value="C:\Users\HP\AppData\Local\Temp\surefire7142711127516905038\surefirebooter3344850280984665355.jar"/>
    <property name="sun.boot.class.path" value="C:\Program Files\Java\jdk1.8.0_241\jre\lib\resources.jar;C:\Program Files\Java\jdk1.8.0_241\jre\lib\rt.jar;C:\Program Files\Java\jdk1.8.0_241\jre\lib\sunrsasign.jar;C:\Program Files\Java\jdk1.8.0_241\jre\lib\jsse.jar;C:\Program Files\Java\jdk1.8.0_241\jre\lib\jce.jar;C:\Program Files\Java\jdk1.8.0_241\jre\lib\charsets.jar;C:\Program Files\Java\jdk1.8.0_241\jre\lib\jfr.jar;C:\Program Files\Java\jdk1.8.0_241\jre\classes"/>
    <property name="user.script" value=""/>
    <property name="sun.management.compiler" value="HotSpot 64-Bit Tiered Compilers"/>
    <property name="java.runtime.version" value="1.8.0_241-b07"/>
    <property name="user.name" value="HP"/>
    <property name="path.separator" value=";"/>
    <property name="os.version" value="10.0"/>
    <property name="java.endorsed.dirs" value="C:\Program Files\Java\jdk1.8.0_241\jre\lib\endorsed"/>
    <property name="java.runtime.name" value="Java(TM) SE Runtime Environment"/>
    <property name="file.encoding" value="Cp1252"/>
    <property name="java.vm.name" value="Java HotSpot(TM) 64-Bit Server VM"/>
    <property name="localRepository" value="C:\Users\HP\.m2\repository"/>
    <property name="java.vendor.url.bug" value="http://bugreport.sun.com/bugreport/"/>
    <property name="java.io.tmpdir" value="C:\Users\HP\AppData\Local\Temp\"/>
    <property name="java.version" value="1.8.0_241"/>
    <property name="user.dir" value="D:\Cucumber-TestNG"/>
    <property name="os.arch" value="amd64"/>
    <property name="java.vm.specification.name" value="Java Virtual Machine Specification"/>
    <property name="java.awt.printerjob" value="sun.awt.windows.WPrinterJob"/>
    <property name="sun.os.patch.level" value=""/>
    <property name="java.library.path" value="C:\Program Files\Java\jdk1.8.0_241\jre\bin;C:\windows\Sun\Java\bin;C:\windows\system32;C:\windows;C:/Program Files/Java/jre1.8.0_301/bin/server;C:/Program Files/Java/jre1.8.0_301/bin;C:/Program Files/Java/jre1.8.0_301/lib/amd64;C:\Program Files (x86)\Common Files\Oracle\Java\javapath;D:\usr\local\bin;D:\usr\local\bin;C:\Program Files\Java\jdk1.8.0_241\bin;D:\eclipse;;."/>
    <property name="java.vm.info" value="mixed mode"/>
    <property name="java.vendor" value="Oracle Corporation"/>
    <property name="java.vm.version" value="25.241-b07"/>
    <property name="java.ext.dirs" value="C:\Program Files\Java\jdk1.8.0_241\jre\lib\ext;C:\windows\Sun\Java\lib\ext"/>
    <property name="sun.io.unicode.encoding" value="UnicodeLittle"/>
    <property name="java.class.version" value="52.0"/>
  </properties>
  <testcase name="feature" classname="MyRunner.TestRunner" time="10.595">
    <failure message="java.lang.AssertionError: expected [#1 Free CRM customer relationship management software cloud] but found [Free CRM in the cloud software boosts sales]" type="cucumber.runtime.CucumberException">cucumber.runtime.CucumberException: java.lang.AssertionError: expected [#1 Free CRM customer relationship management software cloud] but found [Free CRM in the cloud software boosts sales]
	at MyRunner.TestRunner.feature(TestRunner.java:36)
Caused by: java.lang.AssertionError: expected [#1 Free CRM customer relationship management software cloud] but found [Free CRM in the cloud software boosts sales]
</failure>
    <system-out><![CDATA[Feature: Free CRM Login Feature

  Scenario Outline: Free CRM Login Test Scenario   &amp#27;[90m# login.feature:3&amp#27;[0m
    &amp#27;[36mGiven &amp#27;[0m&amp#27;[36muser is already on Login Page&amp#27;[0m
    &amp#27;[36mWhen &amp#27;[0m&amp#27;[36mtitle of login page is Free CRM&amp#27;[0m
    &amp#27;[36mThen &amp#27;[0m&amp#27;[36muser enters "<username>" and "<password>"&amp#27;[0m
    &amp#27;[36mThen &amp#27;[0m&amp#27;[36muser clicks on login button&amp#27;[0m
    &amp#27;[36mThen &amp#27;[0m&amp#27;[36muser is on home page&amp#27;[0m
    &amp#27;[36mThen &amp#27;[0m&amp#27;[36mClose the browser&amp#27;[0m

    Examples: 
#1 Free CRM customer relationship management software cloud

  Scenario Outline: Free CRM Login Test Scenario &amp#27;[90m# login.feature:15&amp#27;[0m
    &amp#27;[32mGiven &amp#27;[0m&amp#27;[32muser is already on Login Page&amp#27;[0m          &amp#27;[90m# LoginStepDefinition.user_already_on_login_page()&amp#27;[0m
    &amp#27;[31mWhen &amp#27;[0m&amp#27;[31mtitle of login page is Free CRM&amp#27;[0m         &amp#27;[90m# LoginStepDefinition.title_of_login_page_is_free_CRM()&amp#27;[0m
      &amp#27;[31mjava.lang.AssertionError: expected [#1 Free CRM customer relationship management software cloud] but found [Free CRM in the cloud software boosts sales]
      	at org.testng.Assert.fail(Assert.java:96)
      	at org.testng.Assert.failNotEquals(Assert.java:776)
      	at org.testng.Assert.assertEqualsImpl(Assert.java:137)
      	at org.testng.Assert.assertEquals(Assert.java:118)
      	at org.testng.Assert.assertEquals(Assert.java:453)
      	at org.testng.Assert.assertEquals(Assert.java:463)
      	at stepDefinitions.LoginStepDefinition.title_of_login_page_is_free_CRM(LoginStepDefinition.java:32)
      	at ?.When title of login page is Free CRM(login.feature:6)
      &amp#27;[0m
    &amp#27;[36mThen &amp#27;[0m&amp#27;[36muser enters "&amp#27;[0m&amp#27;[36m&amp#27;[1mnaveenk&amp#27;[0m&amp#27;[36m" and "&amp#27;[0m&amp#27;[36m&amp#27;[1mtest@123&amp#27;[0m&amp#27;[36m"&amp#27;[0m    &amp#27;[90m# LoginStepDefinition.user_enters_username_and_password(String,String)&amp#27;[0m
    &amp#27;[36mThen &amp#27;[0m&amp#27;[36muser clicks on login button&amp#27;[0m             &amp#27;[90m# LoginStepDefinition.user_clicks_on_login_button()&amp#27;[0m
    &amp#27;[36mThen &amp#27;[0m&amp#27;[36muser is on home page&amp#27;[0m                    &amp#27;[90m# LoginStepDefinition.user_is_on_hopme_page()&amp#27;[0m
    &amp#27;[36mThen &amp#27;[0m&amp#27;[36mClose the browser&amp#27;[0m                       &amp#27;[90m# LoginStepDefinition.close_the_browser()&amp#27;[0m
]]></system-out>
    <system-err><![CDATA[Starting ChromeDriver 92.0.4515.107 (87a818b10553a07434ea9e2b6dccf3cbe7895134-refs/branch-heads/4515@{#1634}) on port 35343
Only local connections are allowed.
Please see https://chromedriver.chromium.org/security-considerations for suggestions on keeping ChromeDriver safe.
ChromeDriver was started successfully.
Aug 17, 2021 5:47:54 PM org.openqa.selenium.remote.ProtocolHandshake createSession
INFO: Detected dialect: W3C
]]></system-err>
  </testcase>
</testsuite>